[11:10:09] [main/INFO]: Setting user: Player468
[11:10:09] [Client thread/INFO]: LWJGL Version: 2.9.1
[11:10:13] [Client thread/INFO]: Reloading ResourceManager: Default, FMLFileResourcePack:Forge Mod Loader, FMLFileResourcePack:Minecraft Forge, FMLFileResourcePack:Suygecu name
[11:10:14] [Sound Library Loader/INFO]: Sound engine started
[11:10:14] [Client thread/INFO]: Created: 16x16 textures/blocks-atlas
[11:10:14] [Client thread/INFO]: Created: 16x16 textures/items-atlas
[11:10:14] [Client thread/INFO]: Reloading ResourceManager: Default, FMLFileResourcePack:Forge Mod Loader, FMLFileResourcePack:Minecraft Forge, FMLFileResourcePack:Suygecu name
[11:10:14] [Client thread/INFO]: Created: 512x256 textures/blocks-atlas
[11:10:14] [Client thread/INFO]: Created: 256x256 textures/items-atlas
[11:10:15] [Sound Library Loader/INFO]: Sound engine started
[11:10:20] [Server thread/INFO]: Starting integrated minecraft server version 1.7.10
[11:10:20] [Server thread/INFO]: Generating keypair
[11:10:20] [Server thread/INFO]: Preparing start region for level 0
[11:10:21] [Server thread/INFO]: Changing view distance to 12, from 10
[11:10:21] [Server thread/INFO]: Player468[local:E:2435b859] logged in with entity id 568 at (158.67544503992673, 71.0, 247.0710220589303)
[11:10:21] [Server thread/INFO]: Player468 joined the game
[11:10:23] [Client thread/INFO]: [CHAT] Вывожу текст "Привет мир!" с числом "1337"
[11:10:23] [Client thread/INFO]: [CHAT] Вывожу текст "Привет мир!" с числом "1337"
[11:10:25] [Client thread/INFO]: [CHAT] Вывожу текст "Привет мир!" с числом "1337"
[11:10:25] [Client thread/INFO]: [CHAT] Вывожу текст "Привет мир!" с числом "1337"
[11:10:26] [Client thread/INFO]: [CHAT] Вывожу текст "Привет мир!" с числом "1337"
[11:10:26] [Client thread/INFO]: [CHAT] Вывожу текст "Привет мир!" с числом "1337"
[11:10:28] [Client thread/INFO]: [CHAT] Вывожу текст "Привет мир!" с числом "1337"
[11:10:28] [Client thread/INFO]: [CHAT] Вывожу текст "Привет мир!" с числом "1337"
[11:10:28] [Client thread/INFO]: [CHAT] Вывожу текст "Привет мир!" с числом "1337"
[11:10:30] [Client thread/INFO]: [CHAT] Вывожу текст "Привет мир!" с числом "1337"
[11:10:31] [Client thread/INFO]: [CHAT] Вывожу текст "Привет мир!" с числом "1337"
[11:10:31] [Client thread/INFO]: [CHAT] Вывожу текст "Привет мир!" с числом "1337"
[11:10:31] [Client thread/INFO]: [CHAT] Вывожу текст "Привет мир!" с числом "1337"
[11:10:31] [Client thread/INFO]: [CHAT] Вывожу текст "Привет мир!" с числом "1337"
[11:10:31] [Client thread/INFO]: [CHAT] Вывожу текст "Привет мир!" с числом "1337"
[11:10:31] [Client thread/INFO]: [CHAT] Вывожу текст "Привет мир!" с числом "1337"
[11:10:32] [Client thread/INFO]: [CHAT] Вывожу текст "Привет мир!" с числом "1337"
[11:10:32] [Client thread/INFO]: [CHAT] Вывожу текст "Привет мир!" с числом "1337"
[11:10:32] [Client thread/INFO]: [CHAT] Вывожу текст "Привет мир!" с числом "1337"
[11:10:32] [Client thread/INFO]: [CHAT] Вывожу текст "Привет мир!" с числом "1337"
[11:10:32] [Client thread/INFO]: [CHAT] Вывожу текст "Привет мир!" с числом "1337"
[11:10:33] [Client thread/INFO]: [CHAT] Вывожу текст "Привет мир!" с числом "1337"
[11:10:33] [Client thread/INFO]: [CHAT] Вывожу текст "Привет мир!" с числом "1337"
[11:10:33] [Client thread/INFO]: [CHAT] Вывожу текст "Привет мир!" с числом "1337"
[11:10:33] [Client thread/INFO]: [CHAT] Вывожу текст "Привет мир!" с числом "1337"
[11:10:36] [Client thread/INFO]: Warning: Clientside chunk ticking took 127 ms
[11:10:40] [Client thread/INFO]: Warning: Clientside chunk ticking took 110 ms
[11:10:45] [Server thread/INFO]: Saving and pausing game...
[11:10:45] [Server thread/INFO]: Saving chunks for level 'New Worlddada'/Overworld
[11:10:45] [Server thread/INFO]: Saving chunks for level 'New Worlddada'/Nether
[11:10:45] [Server thread/INFO]: Saving chunks for level 'New Worlddada'/The End
[11:10:46] [Client thread/INFO]: Stopping!
[11:10:46] [Server thread/INFO]: Stopping server
[11:10:46] [Server thread/INFO]: Saving players
[11:10:46] [Server thread/INFO]: Saving worlds
[11:10:46] [Server thread/INFO]: Saving chunks for level 'New Worlddada'/Overworld
[11:10:46] [Server thread/INFO]: Saving chunks for level 'New Worlddada'/Nether
[11:10:46] [Server thread/INFO]: Saving chunks for level 'New Worlddada'/The End
[11:10:47] [Client Shutdown Thread/INFO]: Stopping server
[11:10:47] [Client Shutdown Thread/INFO]: Saving players
